<?xml version="1.0" encoding="UTF-8"?>
<Site BuildName="(empty)"
	BuildStamp="20260502-0918-Experimental"
	Name="(empty)"
	Generator="ctest-3.28.1"
	CompilerName=""
	CompilerVersion=""
	OSName="Linux"
	Hostname="Jennys-PC"
	OSRelease="6.8.0-111-generic"
	OSVersion="#111-Ubuntu SMP PREEMPT_DYNAMIC Sat Apr 11 23:16:02 UTC 2026"
	OSPlatform="x86_64"
	Is64Bits="1"
	VendorString="AuthenticAMD"
	VendorID="Advanced Micro Devices"
	FamilyID="23"
	ModelID="8"
	ProcessorCacheSize="512"
	NumberOfLogicalCPU="16"
	NumberOfPhysicalCPU="8"
	TotalVirtualMemory="16383"
	TotalPhysicalMemory="31988"
	LogicalProcessorsPerPhysical="2"
	ProcessorClockFrequency="3567.53"
	>
	<Testing>
		<StartDateTime>May 02 19:08 BST</StartDateTime>
		<StartTestTime>1777745321</StartTestTime>
		<TestList>
			<Test>./ADPCM</Test>
		</TestList>
		<Test Status="passed">
			<Name>ADPCM</Name>
			<Path>.</Path>
			<FullName>./ADPCM</FullName>
			<FullCommandLine>/home/jennifer/repos/raw2header/build/test_adpcm</FullCommandLine>
			<Results>
				<NamedMeasurement type="numeric/double" name="Execution Time">
					<Value>0.00254491</Value>
				</NamedMeasurement>
				<NamedMeasurement type="numeric/double" name="Processors">
					<Value>1</Value>
				</NamedMeasurement>
				<NamedMeasurement type="text/string" name="Completion Status">
					<Value>Completed</Value>
				</NamedMeasurement>
				<NamedMeasurement type="text/string" name="Command Line">
					<Value>/home/jennifer/repos/raw2header/build/test_adpcm</Value>
				</NamedMeasurement>
				<NamedMeasurement type="text/string" name="Environment">
					<Value>#CTEST_RESOURCE_GROUP_COUNT=</Value>
				</NamedMeasurement>
				<Measurement>
					<Value encoding="base64" compression="gzip">eJx1kjtPwzAQgPf8ihvLEKr0GVnKUEEHpBaqBBY21z5aS5Fd2Zei8utx6tBHEibLvs+f7pVlGbysF7B43jytYamFkWjhHR1BUSlCyLIsis73hMFbRYeKwKkfhCNa9aUEJ2V0BLBZFMU9oBwIYy0KgsEUtidC9xBMIw9KGdeUBKXrH3uuZan07mrqA/ytUZYnGMzupGMGabxV1PBYl3Ir7AS9jAxMgiQ4JgxyU2kZk1WHhhpKrI92vcurImkS8a/5ugCfntGObCVqFNBaYxmMR8n8cZZc0sl7KPhWtFcauBB4IL4tESzXOwzJTRkUqvRJYbe4u8Btl8LXGYPXj9Xqv163Y13BnMEnWhOHwfZbeoGuKvXZElo0HvNnifx4GXK3rj+yNbW06Xjk1zNsa46uKsmd93XDnUPpRz5Mo1+41fbQ====</Value>
				</Measurement>
			</Results>
		</Test>
		<EndDateTime>May 02 19:08 BST</EndDateTime>
		<EndTestTime>1777745321</EndTestTime>
		<ElapsedMinutes>0</ElapsedMinutes>
	</Testing>
</Site>
